#===============================================================
# Swift (XRT) deep-sky pipeline
# -----------------------------
# Pipeline arguments:
#  * Swift master table: /swift_deepsky/bin/SwiftXrt_master.csv
#  * Swift archive:      /work/./data/
#  * Field:              
#    * RA:               22
#    * Dec:              33
#    * Radius:           15
#  * Run-label:          22_33_15
#  * Output directory:   /work/22_33_15
#    * Temporary files:  /work/22_33_15/tmp
#  * Logfile:            /work/22_33_15/pipeline_internals.log
#    * Error log:        /work/22_33_15/pipeline_internals.log.error
#...............................................................
# Workflow:
# 1.1) Identify all XRT observations inside the requested field;
#      Field size is 15 arcmin around given object/position.
# 1.2) Check data archive, download necessary files if missing;
#      A maximum of 3 downloads will run concurrently.
#...............................................................
# Pipeline outputs:
# * Filtered entries from Master table:
    TABLE_SELECT=/work/22_33_15/22_33_15_selected_observations.csv
# * Stacked events file:
    EVENTSSUM_RESULT=/work/22_33_15/22_33_15_sum.evt
# * Stacked exposure-maps file:
    EXPOSSUM_RESULT=/work/22_33_15/22_33_15_sum.exp
# * Detected objects photon-flux table:
    COUNTRATES_TABLE=/work/22_33_15/table_countrates_detections.csv
# * Detected objects final flux table:
    FLUX_TABLE=/work/22_33_15/table_flux_detections.csv
#...............................................................
# Block (1) DATA_SELECTION
# -> Selecting observations..
Searching Swift Master table: /swift_deepsky/bin/SwiftXrt_master.csv
Searching observations around position: 22.0,33.0
Search readius: 15.0
Number of observations found: 2
Observation addresses: ['2014_11/00085374001' '2015_06/00085374005']
Filtered table written to: /work/22_33_15/22_33_15_selected_observations.csv
#    - Number of observations selected: 2
  OBSLIST=2014_11/00085374001 2015_06/00085374005
# -> Querying/Downloading observations..
# Number of Observations 2
#.............................................................
# Block (2) DATA_STACKING
# -> Querying archive for event-files:
  EVENTSFILE=/work/./data//obs/2014_11/00085374001/xrt/event/sw00085374001xpcw3po_cl.evt.gz /work/./data//obs/2015_06/00085374005/xrt/event/sw00085374005xpcw3po_cl.evt.gz
# -> ..and exposure-maps:
  EXMAPSFILE=/work/./data//obs/2014_11/00085374001/xrt/products/sw00085374001xpc_ex.img.gz /work/./data//obs/2015_06/00085374005/xrt/products/sw00085374005xpc_ex.img.gz
# -> Generating scripts for stacking data
# -> Running XSelect (events concatenation)..
 
                         **  XSELECT V2.4c  **
 
!> Enter session name >[xsel] xsel
 Command not found; type ? for a command listing
Got new mission: SWIFT
 
 
        OBJECT      OBS_ID      DATE-OBS    DATAMODE
      1 1WHSPJ01265 00085374001 2014-11-07T PHOTON
 
 Notes: XSELECT set up for      SWIFT
 Time keyword is TIME       in units of s
 Default timing binsize =   5.0000
 
Setting...
 Image  keywords   = X          Y           with binning =    1
 WMAP   keywords   = X          Y           with binning =    1
 Energy keyword   = PI                     with binning =    1
 
Getting Min and Max for Energy Column...
Got min and max for PI:     0   1023
 
Got the minimum time resolution of the read data:   2.5073
MJDREF =  5.1910000742870E+04 with TIMESYS = TT
 Number of files read in:            1
 
******************** Observation Catalogue ********************
 
Data Directory is: /work/22_33_15/tmp/
HK Directory is: /work/22_33_15/tmp/
 
 
 
        OBJECT      OBS_ID      DATE-OBS    DATAMODE
      1 1WHSPJ01265 00085374001 2014-11-07T PHOTON
      2 1WHSPJ01265 00085374005 2015-06-06T PHOTON
 
 Notes: XSELECT set up for      SWIFT
 Time keyword is TIME       in units of s
 Default timing binsize =   5.0000
 
Setting...
 Image  keywords   = X          Y           with binning =    1
 WMAP   keywords   = X          Y           with binning =    1
 Energy keyword   = PI                     with binning =    1
 
Getting Min and Max for Energy Column...
Got min and max for PI:     0   1023
 
Got the minimum time resolution of the read data:   2.5073
MJDREF =  5.1910000742870E+04 with TIMESYS = TT
 Number of files read in:            2
 
******************** Observation Catalogue ********************
 
Data Directory is: /work/22_33_15/tmp/
HK Directory is: /work/22_33_15/tmp/
 
extractor v5.23    23 Mar 2012
Input event files have inconsistent DEADC
Input event files have inconsistent image TCRVL
   21.752510       21.733950      difference =  1.85600000E-02
   33.107310       33.069150      difference =  3.81600000E-02
 Getting FITS WCS Keywords
 Doing file: /work/22_33_15/tmp/sw00085374001xpcw3po_cl.evt.gz
 10% completed 20% completed 30% completed 40% completed 50% completed 60% completed 70% completed 80% completed 90% completed100% completed
          Total      Good    Bad: Time     Phase     Grade       Cut
            553       553            0         0         0         0
 Writing events file
    553 events written to the output file
 Doing file: /work/22_33_15/tmp/sw00085374005xpcw3po_cl.evt.gz
 10% completed 20% completed 30% completed 40% completed 50% completed 60% completed 70% completed 80% completed 90% completed100% completed
          Total      Good    Bad: Time     Phase     Grade       Cut
            641       641            0         0         0         0
 NOTICE: Event files have differing WCS values, using slow method
 Writing events file
   1194 events written to the output file
===============================================================================
    Grand Total      Good    Bad: Time     Phase     Grade       Cut
           1194      1194            0         0         0         0
   in  3720.8     seconds
Wrote events list to file .//22_33_15_sum.evt
Changing Data directory from:
    /work/22_33_15/tmp/
to the current working directory.
!xsel:SUZAKU > read ev sw00085374001xpcw3po_cl.evt.gz
!> Enter the Event file dir >[./] .//tmp/
!> Reset the mission ? >[yes] yes
!xsel:SWIFT-XRT-PHOTON > read ev sw00085374005xpcw3po_cl.evt.gz
!xsel:SWIFT-XRT-PHOTON > extract ev
!xsel:SWIFT-XRT-PHOTON > save ev .//22_33_15_sum.evt
!> Use filtered events as input data file ? >[yes] yes
!xsel:SWIFT-XRT-PHOTON > quit
!> Save this session? >[no] no
# -> Running XImage (exposure-maps stacking)..
 No of detectors read in:   30
![XIMAGE> cpd 22_33_15_sum.gif/gif
![XIMAGE>  read/size=800  .//tmp/sw00085374001xpc_ex.img.gz
 Telescope SWIFT XRT
 Image size = 800 x 800 pixels
 Image rebin = 1.000
 Image center = 500.5, 500.5
 Reading an image
  Image level, min = 0.0000000 max = 1572.0771
 Copied MAP1 to MAP9
![XIMAGE>  read/size=800  .//tmp/sw00085374005xpc_ex.img.gz
 Telescope SWIFT XRT
 Image size = 800 x 800 pixels
 Image rebin = 1.000
 Image center = 500.5, 500.5
 Reading an image
  Image level, min = 0.0000000 max = 2148.7561
![XIMAGE>  sum_image
 Processing MAP1 image
 Freed TMPMAP1
![XIMAGE> save_image
 Copied MAP1 to MAP9
![XIMAGE> display
 Plotting image
  Min =   0.0000000      Max =    3720.9084
![XIMAGE>  write_ima/template=all/file=".//22_33_15_sum.exp"
 Writing a FITS format image
 Writing FITS file: .//22_33_15_sum.exp
 640000 records written to file
![XIMAGE> exit
Tk startup failed: /xtk device unavailable
#...............................................................
# Block (3) SOURCES_DETECTION
# -> Detecting bright sources in the FULL band (0.3-10keV)..
 No of detectors read in:   30
![XIMAGE> read/size=800/ecol=PI/emin=30/emax=1000 .//22_33_15_sum.evt
 Telescope SWIFT XRT
 Image size = 800 x 800 pixels
 Image rebin = 1.000
 Image center = 500.5, 500.5
 Energy column = PI Min = 30 Max = 1000
 Using gti for exposure 3720.83320004 s
 Reading an events file
 File contains       1194 events
 Accepted: 945 Rejected: 249
  Image level, min = 0.0000000 max = 7.0000000
 Copied MAP1 to MAP9
![XIMAGE> read/size=800/expo .//22_33_15_sum.exp
 Telescope SWIFT XRT
 Image size = 800 x 800 pixels
 Image rebin = 1.000
 Image center = 500.5, 500.5
 Reading an image
  Image level, min = 0.0000000 max = 3720.9084
![XIMAGE> det/bright
 Calculating background: Poisson statistics assumed
 Too many (>80%) background boxes rejected
          16   failed
          32  2.87754089E-03
          64  2.18290440E-03
         128  1.94757630E-03
 >>> Optimum box size = 128
 Background box size = 128
 Background =1.9476E-03 cts/original-pixel
            =1.9476E-03 cts/image-pixel
            =3.3910E-04 cts/sqarcmin/s
            =5.2342E-07 cts/original-pixel/s
 Source box size (orig pix):    8 (image pix):    8
 >>>>> Searching for excesses
    154 excesses found
 >>>>> Removing contiguous sources
 Using slow contiguous search
  Using average energy for PSF:    1.0000000
         61 excesses left
 >>>>> Sort by radius
 >>>>> Applying thresholds
  Using average energy for PSF:    1.0000000
  snr threshold =    2.0000000
  bgnd fluctuation probability limit =   9.99999975E-05
 >>>>> removing duplicates
   #   count/s    err         pixel      Exp  RA(2000)   Dec(2000)   Err  H-Box
                             x     y     corr                        rad  (sec)
    1 5.09E-02+/-4.1E-03   495.1   584.6 3493.07 01 26 57.1 +33 07 27.1  -1     55
    2 7.45E-03+/-1.7E-03   317.4   464.7 3632.94 01 27 30.4 +33 02 44.2  -1     27
![XIMAGE> quit
![XIMAGE> exit
Tk startup failed: /xtk device unavailable
# -> Detecting bright sources in the SOFT band (0.3-1keV)..
 No of detectors read in:   30
![XIMAGE> read/size=800/ecol=PI/emin=30/emax=100 .//22_33_15_sum.evt
 Telescope SWIFT XRT
 Image size = 800 x 800 pixels
 Image rebin = 1.000
 Image center = 500.5, 500.5
 Energy column = PI Min = 30 Max = 100
 Using gti for exposure 3720.83320004 s
 Reading an events file
 File contains       1194 events
 Accepted: 406 Rejected: 788
  Image level, min = 0.0000000 max = 3.0000000
 Copied MAP1 to MAP9
![XIMAGE> read/size=800/expo .//22_33_15_sum.exp
 Telescope SWIFT XRT
 Image size = 800 x 800 pixels
 Image rebin = 1.000
 Image center = 500.5, 500.5
 Reading an image
  Image level, min = 0.0000000 max = 3720.9084
![XIMAGE> det/bright
 Calculating background: Poisson statistics assumed
 Too many (>80%) background boxes rejected
          16   failed
 Too many (>80%) background boxes rejected
          32   failed
          64  1.09675480E-03
         128  8.97216785E-04
 >>> Optimum box size = 128
 Background box size = 128
 Background =8.9722E-04 cts/original-pixel
            =8.9722E-04 cts/image-pixel
            =1.5622E-04 cts/sqarcmin/s
            =2.4113E-07 cts/original-pixel/s
 Source box size (orig pix):    8 (image pix):    8
 >>>>> Searching for excesses
     72 excesses found
 >>>>> Removing contiguous sources
 Using slow contiguous search
  Using average energy for PSF:    1.0000000
         12 excesses left
 >>>>> Sort by radius
 >>>>> Applying thresholds
  Using average energy for PSF:    1.0000000
  snr threshold =    2.0000000
  bgnd fluctuation probability limit =   9.99999975E-05
 >>>>> removing duplicates
   #   count/s    err         pixel      Exp  RA(2000)   Dec(2000)   Err  H-Box
                             x     y     corr                        rad  (sec)
    1 2.26E-02+/-2.7E-03   494.8   584.3 3491.10 01 26 57.2 +33 07 26.5  -1     55
    2 3.08E-03+/-1.1E-03   318.3   464.4 3660.54 01 27 30.3 +33 02 43.6  -1     25
![XIMAGE> quit
![XIMAGE> exit
Tk startup failed: /xtk device unavailable
# -> Detecting bright sources in the MEDIUM band(1-2keV)..
 No of detectors read in:   30
![XIMAGE> read/size=800/ecol=PI/emin=101/emax=200 .//22_33_15_sum.evt
 Telescope SWIFT XRT
 Image size = 800 x 800 pixels
 Image rebin = 1.000
 Image center = 500.5, 500.5
 Energy column = PI Min = 101 Max = 200
 Using gti for exposure 3720.83320004 s
 Reading an events file
 File contains       1194 events
 Accepted: 235 Rejected: 959
  Image level, min = 0.0000000 max = 4.0000000
 Copied MAP1 to MAP9
![XIMAGE> read/size=800/expo .//22_33_15_sum.exp
 Telescope SWIFT XRT
 Image size = 800 x 800 pixels
 Image rebin = 1.000
 Image center = 500.5, 500.5
 Reading an image
  Image level, min = 0.0000000 max = 3720.9084
![XIMAGE> det/bright
 Calculating background: Poisson statistics assumed
 Too many (>80%) background boxes rejected
          16   failed
 Too many (>80%) background boxes rejected
          32   failed
          64  7.01904297E-04
         128  5.12017170E-04
 >>> Optimum box size = 128
 Background box size = 128
 Background =5.1202E-04 cts/original-pixel
            =5.1202E-04 cts/image-pixel
            =8.9148E-05 cts/sqarcmin/s
            =1.3761E-07 cts/original-pixel/s
 Source box size (orig pix):    8 (image pix):    8
 >>>>> Searching for excesses
     88 excesses found
 >>>>> Removing contiguous sources
 Using slow contiguous search
  Using average energy for PSF:    1.0000000
         21 excesses left
 >>>>> Sort by radius
 >>>>> Applying thresholds
  Using average energy for PSF:    1.0000000
  snr threshold =    2.0000000
  bgnd fluctuation probability limit =   9.99999975E-05
 >>>>> removing duplicates
   #   count/s    err         pixel      Exp  RA(2000)   Dec(2000)   Err  H-Box
                             x     y     corr                        rad  (sec)
    1 1.88E-02+/-2.5E-03   494.7   585.1 3505.52 01 26 57.2 +33 07 28.4  -1     62
    2 3.48E-03+/-1.1E-03   316.6   466.4 3625.20 01 27 30.6 +33 02 48.3  -1     27
![XIMAGE> quit
![XIMAGE> exit
Tk startup failed: /xtk device unavailable
# -> Detecting bright sources in the HARD band (2-10keV)..
 No of detectors read in:   30
![XIMAGE> read/size=800/ecol=PI/emin=201/emax=1000 .//22_33_15_sum.evt
 Telescope SWIFT XRT
 Image size = 800 x 800 pixels
 Image rebin = 1.000
 Image center = 500.5, 500.5
 Energy column = PI Min = 201 Max = 1000
 Using gti for exposure 3720.83320004 s
 Reading an events file
 File contains       1194 events
 Accepted: 304 Rejected: 890
  Image level, min = 0.0000000 max = 2.0000000
 Copied MAP1 to MAP9
![XIMAGE> read/size=800/expo .//22_33_15_sum.exp
 Telescope SWIFT XRT
 Image size = 800 x 800 pixels
 Image rebin = 1.000
 Image center = 500.5, 500.5
 Reading an image
  Image level, min = 0.0000000 max = 3720.9084
![XIMAGE> det/bright
 Calculating background: Poisson statistics assumed
 Too many (>80%) background boxes rejected
          16   failed
 Too many (>80%) background boxes rejected
          32   failed
          64  8.88824463E-04
         128  6.88825327E-04
 >>> Optimum box size = 128
 Background box size = 128
 Background =6.8883E-04 cts/original-pixel
            =6.8883E-04 cts/image-pixel
            =1.1993E-04 cts/sqarcmin/s
            =1.8513E-07 cts/original-pixel/s
 Source box size (orig pix):    8 (image pix):    8
 >>>>> Searching for excesses
     39 excesses found
 >>>>> Removing contiguous sources
 Using slow contiguous search
         39 excesses left
 >>>>> Sort by radius
 >>>>> Applying thresholds
  Using average energy for PSF:    1.0000000
  snr threshold =    2.0000000
  bgnd fluctuation probability limit =   9.99999975E-05
 >>>>> removing duplicates
   #   count/s    err         pixel      Exp  RA(2000)   Dec(2000)   Err  H-Box
                             x     y     corr                        rad  (sec)
    1 9.81E-03+/-1.8E-03   496.6   584.0 3427.27 01 26 56.8 +33 07 25.8  -1     37
![XIMAGE> quit
![XIMAGE> exit
Tk startup failed: /xtk device unavailable
#...............................................................
# Block (4) COUNTRATES_MEASUREMENT
 No of detectors read in:   30
![XIMAGE> log .//tmp/sosta_full.log
![XIMAGE>  read/size=800/ecol=PI/emin=30/emax=1000 22_33_15_sum.evt
 Telescope SWIFT XRT
 Image size = 800 x 800 pixels
 Image rebin = 1.000
 Image center = 500.5, 500.5
 Energy column = PI Min = 30 Max = 1000
 Using gti for exposure 3720.83320004 s
 Reading an events file
 File contains       1194 events
 Accepted: 945 Rejected: 249
  Image level, min = 0.0000000 max = 7.0000000
 Copied MAP1 to MAP9
![XIMAGE>  smooth/wave/sigma=5/back=1.0
 Sigma (arcmin) :    0.19644
 Calculating background: Poisson statistics assumed
 Background box size =  64
 Background =2.1829E-03 cts/original-pixel
            =2.1829E-03 cts/image-pixel
            =3.8007E-04 cts/sqarcmin/s
            =5.8667E-07 cts/original-pixel/s
  Scaling factor :    458.10526
  Min and max :    0.0000000       622.00000
 Max-preserving scaling factor :     5.1555254
![XIMAGE> cpd 22_33_15_sum_band30-1000daeV.gif/gif
![XIMAGE>  disp
 Plotting image
  Min =   0.0000000      Max =    622.00000
![XIMAGE>  read/size=800/ecol=PI/emin=30/emax=1000 22_33_15_sum.evt
 Telescope SWIFT XRT
 Image size = 800 x 800 pixels
 Image rebin = 1.000
 Image center = 500.5, 500.5
 Energy column = PI Min = 30 Max = 1000
 Using gti for exposure 3720.83320004 s
 Reading an events file
 File contains       1194 events
 Accepted: 945 Rejected: 249
  Image level, min = 0.0000000 max = 7.0000000
![XIMAGE>  read/size=800/expo .//22_33_15_sum.exp
 Telescope SWIFT XRT
 Image size = 800 x 800 pixels
 Image rebin = 1.000
 Image center = 500.5, 500.5
 Reading an image
  Image level, min = 0.0000000 max = 3720.9084
![XIMAGE>  sosta/xpix=495.08279/ypix=584.57959/back=5.2342477E-07/eef_s=0.7
 Using MAP1
 Using constant background...
                    X = 495.08279    Y = 584.57959
  Using average energy for PSF:    1.0000000
 Source half-box for 0.66 EEF is    5.8 pixels
        Half-box for 0.90 EEF is   17.2 pixels
 Total # of counts 123.00000 (in 132 elemental sq pixels)
 Background/elemental sq pixel :                5.234E-07 +/- 6.3E-05
 Background/elemental sq pixel/sec :            1.439E-10 +/- 1.7E-08

 Source counts :                                1.230E+02 +/- 1.1E+01
 s.c. corrected for PSF :                       2.097E+02 +/- 1.9E+01
 s.c. corrected for PSF + sampling dead time
                                + vignetting    2.143E+02 +/- 1.9E+01
 Source intensity :                             3.381E-02 +/- 3.0E-03 c/sec
 s.i. corrected for PSF                         5.765E-02 +/- 5.2E-03 c/sec
 s.i. corrected for PSF + sampling dead time
                                + vignetting -> 5.892E-02 +/- 5.3E-03 c/sec <-
 Signal to Noise Ratio             :            1.109E+01


    Exposure time                 :       3637.875 s
    Vignetting correction         :      1.022
    Sampling dead time correction :      1.000
    PSF correction                :      1.705
    Optimum half box size is      : 74.500000 orig pixels
![XIMAGE>  sosta/xpix=317.43750/ypix=464.68750/back=5.2342477E-07/eef_s=0.6
 Using MAP1
 Using constant background...
                    X = 317.43750    Y = 464.68750
  Using average energy for PSF:    1.0000000
 Source half-box for 0.52 EEF is    3.8 pixels
        Half-box for 0.90 EEF is   14.4 pixels
 Total # of counts 9.0000000 (in 64 elemental sq pixels)
 Background/elemental sq pixel :                5.234E-07 +/- 9.0E-05
 Background/elemental sq pixel/sec :            1.407E-10 +/- 2.4E-08

 Source counts :                                9.000E+00 +/- 3.0E+00
 s.c. corrected for PSF :                       2.357E+01 +/- 7.9E+00
 s.c. corrected for PSF + sampling dead time
                                + vignetting    2.630E+01 +/- 8.8E+00
 Source intensity :                             2.419E-03 +/- 8.1E-04 c/sec
 s.i. corrected for PSF                         6.335E-03 +/- 2.1E-03 c/sec
 s.i. corrected for PSF + sampling dead time
                                + vignetting -> 7.067E-03 +/- 2.4E-03 c/sec <-
 Signal to Noise Ratio             :            3.000E+00
                                                 Poisson    Gauss
 Pr. that source is a fluctuation of back. :    1.11E-16   0.00E+00


    Exposure time                 :       3720.831 s
    Vignetting correction         :      1.116
    Sampling dead time correction :      1.000
    PSF correction                :      2.619
    Optimum half box size is      : 57.500000 orig pixels
![XIMAGE> exit
Tk startup failed: /xtk device unavailable
 No of detectors read in:   30
![XIMAGE> log .//tmp/sosta_soft.log
![XIMAGE>  read/size=800/ecol=PI/emin=30/emax=100 22_33_15_sum.evt
 Telescope SWIFT XRT
 Image size = 800 x 800 pixels
 Image rebin = 1.000
 Image center = 500.5, 500.5
 Energy column = PI Min = 30 Max = 100
 Using gti for exposure 3720.83320004 s
 Reading an events file
 File contains       1194 events
 Accepted: 406 Rejected: 788
  Image level, min = 0.0000000 max = 3.0000000
 Copied MAP1 to MAP9
![XIMAGE>  read/size=800/expo .//22_33_15_sum.exp
 Telescope SWIFT XRT
 Image size = 800 x 800 pixels
 Image rebin = 1.000
 Image center = 500.5, 500.5
 Reading an image
  Image level, min = 0.0000000 max = 3720.9084
![XIMAGE>  sosta/xpix=495.08279/ypix=584.57959/back=2.4113331E-07/eef_s=0.7
 Using MAP1
 Using constant background...
                    X = 495.08279    Y = 584.57959
  Using average energy for PSF:    1.0000000
 Source half-box for 0.66 EEF is    5.8 pixels
        Half-box for 0.90 EEF is   17.2 pixels
 Total # of counts 53.000000 (in 132 elemental sq pixels)
 Background/elemental sq pixel :                2.411E-07 +/- 4.3E-05
 Background/elemental sq pixel/sec :            6.628E-11 +/- 1.2E-08

 Source counts :                                5.300E+01 +/- 7.3E+00
 s.c. corrected for PSF :                       9.037E+01 +/- 1.2E+01
 s.c. corrected for PSF + sampling dead time
                                + vignetting    9.236E+01 +/- 1.3E+01
 Source intensity :                             1.457E-02 +/- 2.0E-03 c/sec
 s.i. corrected for PSF                         2.484E-02 +/- 3.4E-03 c/sec
 s.i. corrected for PSF + sampling dead time
                                + vignetting -> 2.539E-02 +/- 3.5E-03 c/sec <-
 Signal to Noise Ratio             :            7.280E+00


    Exposure time                 :       3637.875 s
    Vignetting correction         :      1.022
    Sampling dead time correction :      1.000
    PSF correction                :      1.705
    Optimum half box size is      : 74.500000 orig pixels
![XIMAGE>  sosta/xpix=317.43750/ypix=464.68750/back=2.4113331E-07/eef_s=0.6
 Using MAP1
 Using constant background...
                    X = 317.43750    Y = 464.68750
  Using average energy for PSF:    1.0000000
 Source half-box for 0.52 EEF is    3.8 pixels
        Half-box for 0.90 EEF is   14.4 pixels
 Total # of counts 3.0000000 (in 64 elemental sq pixels)
 Background/elemental sq pixel :                2.411E-07 +/- 6.1E-05
 Background/elemental sq pixel/sec :            6.481E-11 +/- 1.6E-08

 Source counts :                                3.000E+00 +/- 1.7E+00
 s.c. corrected for PSF :                       7.857E+00 +/- 4.5E+00
 s.c. corrected for PSF + sampling dead time
                                + vignetting    8.765E+00 +/- 5.1E+00
 Source intensity :                             8.063E-04 +/- 4.7E-04 c/sec
 s.i. corrected for PSF                         2.112E-03 +/- 1.2E-03 c/sec
 s.i. corrected for PSF + sampling dead time
                                + vignetting -> 2.356E-03 +/- 1.4E-03 c/sec <-
 Signal to Noise Ratio             :            1.732E+00
                                                 Poisson    Gauss
 Pr. that source is a fluctuation of back. :    6.66E-16   0.00E+00


    Exposure time                 :       3720.831 s
    Vignetting correction         :      1.116
    Sampling dead time correction :      1.000
    PSF correction                :      2.619
    Optimum half box size is      : 57.500000 orig pixels
![XIMAGE> exit
Tk startup failed: /xtk device unavailable
 No of detectors read in:   30
![XIMAGE> log .//tmp/sosta_medium.log
![XIMAGE>  read/size=800/ecol=PI/emin=101/emax=200 22_33_15_sum.evt
 Telescope SWIFT XRT
 Image size = 800 x 800 pixels
 Image rebin = 1.000
 Image center = 500.5, 500.5
 Energy column = PI Min = 101 Max = 200
 Using gti for exposure 3720.83320004 s
 Reading an events file
 File contains       1194 events
 Accepted: 235 Rejected: 959
  Image level, min = 0.0000000 max = 4.0000000
 Copied MAP1 to MAP9
![XIMAGE>  read/size=800/expo .//22_33_15_sum.exp
 Telescope SWIFT XRT
 Image size = 800 x 800 pixels
 Image rebin = 1.000
 Image center = 500.5, 500.5
 Reading an image
  Image level, min = 0.0000000 max = 3720.9084
![XIMAGE>  sosta/xpix=495.08279/ypix=584.57959/back=1.3760820E-07/eef_s=0.7
 Using MAP1
 Using constant background...
                    X = 495.08279    Y = 584.57959
  Using average energy for PSF:    1.0000000
 Source half-box for 0.66 EEF is    5.8 pixels
        Half-box for 0.90 EEF is   17.2 pixels
 Total # of counts 44.000000 (in 132 elemental sq pixels)
 Background/elemental sq pixel :                1.376E-07 +/- 3.2E-05
 Background/elemental sq pixel/sec :            3.783E-11 +/- 8.9E-09

 Source counts :                                4.400E+01 +/- 6.6E+00
 s.c. corrected for PSF :                       7.503E+01 +/- 1.1E+01
 s.c. corrected for PSF + sampling dead time
                                + vignetting    7.668E+01 +/- 1.2E+01
 Source intensity :                             1.209E-02 +/- 1.8E-03 c/sec
 s.i. corrected for PSF                         2.062E-02 +/- 3.1E-03 c/sec
 s.i. corrected for PSF + sampling dead time
                                + vignetting -> 2.108E-02 +/- 3.2E-03 c/sec <-
 Signal to Noise Ratio             :            6.633E+00


    Exposure time                 :       3637.875 s
    Vignetting correction         :      1.022
    Sampling dead time correction :      1.000
    PSF correction                :      1.705
    Optimum half box size is      : 74.500000 orig pixels
![XIMAGE>  sosta/xpix=317.43750/ypix=464.68750/back=1.3760820E-07/eef_s=0.6
 Using MAP1
 Using constant background...
                    X = 317.43750    Y = 464.68750
  Using average energy for PSF:    1.0000000
 Source half-box for 0.52 EEF is    3.8 pixels
        Half-box for 0.90 EEF is   14.4 pixels
 Total # of counts 4.0000000 (in 64 elemental sq pixels)
 Background/elemental sq pixel :                1.376E-07 +/- 4.6E-05
 Background/elemental sq pixel/sec :            3.698E-11 +/- 1.2E-08

 Source counts :                                4.000E+00 +/- 2.0E+00
 s.c. corrected for PSF :                       1.048E+01 +/- 5.2E+00
 s.c. corrected for PSF + sampling dead time
                                + vignetting    1.169E+01 +/- 5.8E+00
 Source intensity :                             1.075E-03 +/- 5.4E-04 c/sec
 s.i. corrected for PSF                         2.816E-03 +/- 1.4E-03 c/sec
 s.i. corrected for PSF + sampling dead time
                                + vignetting -> 3.141E-03 +/- 1.6E-03 c/sec <-
 Signal to Noise Ratio             :            2.000E+00
                                                 Poisson    Gauss
 Pr. that source is a fluctuation of back. :    0.00E+00   0.00E+00


    Exposure time                 :       3720.831 s
    Vignetting correction         :      1.116
    Sampling dead time correction :      1.000
    PSF correction                :      2.619
    Optimum half box size is      : 57.500000 orig pixels
![XIMAGE> exit
Tk startup failed: /xtk device unavailable
 No of detectors read in:   30
![XIMAGE> log .//tmp/sosta_hard.log
![XIMAGE>  read/size=800/ecol=PI/emin=201/emax=1000 22_33_15_sum.evt
 Telescope SWIFT XRT
 Image size = 800 x 800 pixels
 Image rebin = 1.000
 Image center = 500.5, 500.5
 Energy column = PI Min = 201 Max = 1000
 Using gti for exposure 3720.83320004 s
 Reading an events file
 File contains       1194 events
 Accepted: 304 Rejected: 890
  Image level, min = 0.0000000 max = 2.0000000
 Copied MAP1 to MAP9
![XIMAGE>  read/size=800/expo .//22_33_15_sum.exp
 Telescope SWIFT XRT
 Image size = 800 x 800 pixels
 Image rebin = 1.000
 Image center = 500.5, 500.5
 Reading an image
  Image level, min = 0.0000000 max = 3720.9084
![XIMAGE>  sosta/xpix=495.08279/ypix=584.57959/back=1.8512664E-07/eef_s=0.7
 Using MAP1
 Using constant background...
                    X = 495.08279    Y = 584.57959
  Using average energy for PSF:    1.0000000
 Source half-box for 0.66 EEF is    5.8 pixels
        Half-box for 0.90 EEF is   17.2 pixels
 Total # of counts 26.000000 (in 132 elemental sq pixels)
 Background/elemental sq pixel :                1.851E-07 +/- 3.7E-05
 Background/elemental sq pixel/sec :            5.089E-11 +/- 1.0E-08

 Source counts :                                2.600E+01 +/- 5.1E+00
 s.c. corrected for PSF :                       4.433E+01 +/- 8.7E+00
 s.c. corrected for PSF + sampling dead time
                                + vignetting    4.531E+01 +/- 8.9E+00
 Source intensity :                             7.147E-03 +/- 1.4E-03 c/sec
 s.i. corrected for PSF                         1.219E-02 +/- 2.4E-03 c/sec
 s.i. corrected for PSF + sampling dead time
                                + vignetting -> 1.245E-02 +/- 2.4E-03 c/sec <-
 Signal to Noise Ratio             :            5.099E+00


    Exposure time                 :       3637.875 s
    Vignetting correction         :      1.022
    Sampling dead time correction :      1.000
    PSF correction                :      1.705
    Optimum half box size is      : 74.500000 orig pixels
![XIMAGE>  sosta/xpix=317.43750/ypix=464.68750/back=1.8512664E-07/eef_s=0.6
 Using MAP1
 Using constant background...
                    X = 317.43750    Y = 464.68750
  Using average energy for PSF:    1.0000000
 Source half-box for 0.52 EEF is    3.8 pixels
        Half-box for 0.90 EEF is   14.4 pixels
 Total # of counts 2.0000000 (in 64 elemental sq pixels)
 Background/elemental sq pixel :                1.851E-07 +/- 5.4E-05
 Background/elemental sq pixel/sec :            4.975E-11 +/- 1.4E-08

 Source counts :                                2.000E+00 +/- 1.4E+00
 s.c. corrected for PSF :                       5.238E+00 +/- 3.7E+00
 s.c. corrected for PSF + sampling dead time
                                + vignetting    5.844E+00 +/- 4.1E+00
 Source intensity :                             5.375E-04 +/- 3.8E-04 c/sec
 s.i. corrected for PSF                         1.408E-03 +/- 1.0E-03 c/sec
 s.i. corrected for PSF + sampling dead time
                                + vignetting -> 1.570E-03 +/- 1.1E-03 c/sec <-
 Signal to Noise Ratio             :            1.414E+00
                                                 Poisson    Gauss
 Pr. that source is a fluctuation of back. :    7.02E-11   0.00E+00


    Exposure time                 :       3720.831 s
    Vignetting correction         :      1.116
    Sampling dead time correction :      1.000
    PSF correction                :      2.619
    Optimum half box size is      : 57.500000 orig pixels
![XIMAGE> exit
Tk startup failed: /xtk device unavailable
#...............................................................
# Block (5) COUNTRATES_TO_FLUX
# -> Converting objects' countrates to flux..
Countrates table/input:
#RA DEC countrates_0.3-10keV(ph.s-1) countrates_error_0.3-10keV(ph.s-1) exposure_time(s) countrates_0.3-1keV(ph.s-1) countrates_error_0.3-1keV(ph.s-1) upper_limit_0.3-1keV(ph.s-1) countrates_1-2keV(ph.s-1) countrates_error_1-2keV(ph.s-1) upper_limit_1-2keV(ph.s-1) countrates_2-10keV(ph.s-1) countrates_error_2-10keV(ph.s-1) upper_limit_2-10keV(ph.s-1)
01:26:57.165 +33:07:27.142 5.422E-02 4.100E-03 3493.1 2.336E-02 2.708E-03 -9.990E+02 1.940E-02 2.475E-03 -9.990E+02 1.146E-02 1.857E-03 -9.990E+02
    RA=01:26:57.165 DEC=+33:07:27.142 NH=5.05E+20 EXPTIME=3493.1 ENERGY_SLOPE=1.132
      BAND=full NUFNU_FACTOR=1.1109E-11
      FLUX_FULL=6.0233e-13 FLUX_FULL_ERROR=4.55469e-14
      BAND=soft NUFNU_FACTOR=3.1078E-11
      FLUX_SOFT=7.25982e-13 FLUX_SOFT_ERROR=8.41592e-14 FLUX_SOFT_UL=-9.990E+02
      BAND=medium NUFNU_FACTOR=3.5409E-11
      FLUX_MEDIUM=6.86935e-13 FLUX_MEDIUM_ERROR=8.76373e-14 FLUX_MEDIUM_UL=-9.990E+02
      BAND=hard NUFNU_FACTOR=4.9133E-11
      FLUX_HARD=5.63064e-13 FLUX_HARD_ERROR=9.124e-14 FLUX_HARD_UL=-9.990E+02
01:27:30.469 +33:02:44.225 7.630E-03 1.700E-03 3632.9 2.544E-03 9.917E-04 -9.990E+02 3.391E-03 1.133E-03 -9.990E+02 1.695E-03 7.792E-04 -9.990E+02
    RA=01:27:30.469 DEC=+33:02:44.225 NH=4.95E+20 EXPTIME=3632.9 ENERGY_SLOPE=0.8
      BAND=full NUFNU_FACTOR=1.4757E-11
      FLUX_FULL=1.12596e-13 FLUX_FULL_ERROR=2.50869e-14
      BAND=soft NUFNU_FACTOR=2.8708E-11
      FLUX_SOFT=7.30332e-14 FLUX_SOFT_ERROR=2.84697e-14 FLUX_SOFT_UL=-9.990E+02
      BAND=medium NUFNU_FACTOR=3.6402E-11
      FLUX_MEDIUM=1.23439e-13 FLUX_MEDIUM_ERROR=4.12435e-14 FLUX_MEDIUM_UL=-9.990E+02
      BAND=hard NUFNU_FACTOR=5.4064E-11
      FLUX_HARD=9.16385e-14 FLUX_HARD_ERROR=4.21267e-14 FLUX_HARD_UL=-9.990E+02
#...............................................................
